
HINT:  Perhaps you meant to reference the column "users.id".
The above exception was the direct cause of the following exception:
Traceback (most recent call last):
  File "/opt/venv/lib/python3.12/site-packages/sqlalchemy/orm/context.py", line 305, in orm_execute_statement
    result = conn.execute(
    return self._execute_internal(
    return self.callable_(state, passive)
             ^^^^^^^^^^^^^
           ^^^^^^^^^^^^^^^^^^^^^^^
           ^^^^^^^^^^^^^^^^^^^^^^^^^^^^^^
  File "/opt/venv/lib/python3.12/site-packages/sqlalchemy/engine/base.py", line 1418, in execute
  File "/opt/venv/lib/python3.12/site-packages/sqlalchemy/orm/session.py", line 2247, in _execute_internal
  File "/opt/venv/lib/python3.12/site-packages/sqlalchemy/orm/strategies.py", line 978, in _load_for_state
    result: Result[Any] = compile_state_cls.orm_execute_statement(
    return self._emit_lazyload(
                          ^^^^^^^^^^^^^^^^^^^^^^^^^^^^^^^^^^^^^^^^
           ^^^^^^^^^^^^^^^^^^^^
  File "/opt/venv/lib/python3.12/site-packages/sqlalchemy/orm/strategies.py", line 1079, in _emit_lazyload
    return loading.load_on_pk_identity(
           ^^^^^^^^^^^^^^^^^^^^^^^^^^^^
  File "/opt/venv/lib/python3.12/site-packages/sqlalchemy/orm/loading.py", line 694, in load_on_pk_identity
    session.execute(
  File "/opt/venv/lib/python3.12/site-packages/sqlalchemy/orm/session.py", line 2362, in execute
    cursor.execute(statement, parameters)
    return meth(
sqlalchemy.exc.ProgrammingError: (psycopg2.errors.UndefinedColumn) column users.uid does not exist
           ^^^^^
  File "/opt/venv/lib/python3.12/site-packages/sqlalchemy/sql/elements.py", line 515, in _execute_on_connection
    return connection._execute_clauseelement(
           ^^^^^^^^^^^^^^^^^^^^^^^^^^^^^^^^^^
  File "/opt/venv/lib/python3.12/site-packages/sqlalchemy/engine/base.py", line 1640, in _execute_clauseelement
    ret = self._execute_context(
          ^^^^^^^^^^^^^^^^^^^^^^
  File "/opt/venv/lib/python3.12/site-packages/sqlalchemy/engine/base.py", line 1846, in _execute_context
    return self._exec_single_context(
           ^^^^^^^^^^^^^^^^^^^^^^^^^^
  File "/opt/venv/lib/python3.12/site-packages/sqlalchemy/engine/base.py", line 1986, in _exec_single_context
    self._handle_dbapi_exception(
  File "/opt/venv/lib/python3.12/site-packages/sqlalchemy/engine/base.py", line 2355, in _handle_dbapi_exception
    raise sqlalchemy_exception.with_traceback(exc_info[2]) from e
  File "/opt/venv/lib/python3.12/site-packages/sqlalchemy/engine/base.py", line 1967, in _exec_single_context
    self.dialect.do_execute(
  File "/opt/venv/lib/python3.12/site-packages/sqlalchemy/engine/default.py", line 941, in do_execute
LINE 1: ...users_id, users.telegram_id AS users_telegram_id, users.uid ...
                                                             ^
HINT:  Perhaps you meant to reference the column "users.id".
[SQL: SELECT users.id AS users_id, users.telegram_id AS users_telegram_id, users.uid AS users_uid, users.username AS users_username, users.first_name AS users_first_name, users.subscription_end AS users_subscription_end, users.created_at AS users_created_at, users.is_admin AS users_is_admin, users.banned AS users_banned, users.approved AS users_approved, users.admin_notes AS users_admin_notes, users.grandfathered AS users_grandfathered, users.nowpayments_subscription_id AS users_nowpayments_subscription_id, users.subscription_type AS users_subscription_type, users.trial_started_at AS users_trial_started_at, users.trial_ends_at AS users_trial_ends_at, users.trial_used AS users_trial_used, users.referral_code AS users_referral_code, users.referred_by AS users_referred_by, users.referral_credits AS users_referral_credits, users.referral_earnings AS users_referral_earnings, users.paid_referrals AS users_paid_referrals, users.crypto_wallet AS users_crypto_wallet 
FROM users 
WHERE users.id = %(pk_1)s]
[parameters: {'pk_1': 5}]
(Background on this error at: https